0-1 Months : Created on 20230112 at 16:30:34
IT Basics - (Technical) : Created on 20230112 at 16:30:34
UNIX Introduction - (Technical) : Created on 20230112 at 16:30:34
SQL (Write SQL Statements) - (Technical) : Created on 20230112 at 16:30:34
1-3 Months : Created on 20230112 at 16:30:34
Basic Concepts 1 - (Finance) : Created on 20230112 at 16:30:34
Excel - (Technical) : Created on 20230112 at 16:30:34
Introduction to Kx - (Technical) : Created on 20230112 at 16:30:34
Software Testing - (Technical) : Created on 20230112 at 16:30:34
Kx Month 1 Checkpoint - (Technical) : Created on 20230112 at 16:30:34
Unix Refresher - (Technical) : Created on 20230112 at 16:30:34
Python Basics - (Technical) : Created on 20230112 at 16:30:34
3-12 Months : Created on 20230112 at 16:30:34
Basic Concepts 2 - (Finance) : Created on 20230112 at 16:30:34
Equity Market - (Finance) : Created on 20230112 at 16:30:34
Market Data - (Finance) : Created on 20230112 at 16:30:34
Basic Communication Skills - (Consultancy) : Created on 20230112 at 16:30:34
Interview Training - (Consultancy) : Created on 20230112 at 16:30:34
Professional Documentation - (Consultancy) : Created on 20230112 at 16:30:34
Powerpoint Presentations - (Consultancy) : Created on 20230112 at 16:30:34
Intermediate KDB - (Technical) : Created on 20230112 at 16:30:34
Software Engineering - (Technical) : Created on 20230112 at 16:30:34
12-24 Months : Created on 20230112 at 16:30:34
Equity Derivatives - (Finance) : Created on 20230112 at 16:30:34
FX Derivatives - (Finance) : Created on 20230112 at 16:30:34
FD Marketing - (Consultancy) : Created on 20230112 at 16:30:34
Supporting Financial Systems - (Technical) : Created on 20230112 at 16:30:34
Advanced KDB - (Technical) : Created on 20230112 at 16:30:34
Release Management - (Technical) : Created on 20230112 at 16:30:34
IPC - (Technical) : Created on 20230112 at 16:30:34
Optional : Created on 20230112 at 16:30:34
Fixed Income - (Finance) : Created on 20230112 at 16:30:34
Interest Rate Derivatives - (Finance) : Created on 20230112 at 16:30:34
ET Future & Options - (Finance) : Created on 20230112 at 16:30:34
Credit Derivatives - (Finance) : Created on 20230112 at 16:30:34
Team Leader Skills - (Consultancy) : Created on 20230112 at 16:30:34
Project Management - (Consultancy) : Created on 20230112 at 16:30:34
Algorithmic Programme Trading - (Technical) : Created on 20230112 at 16:30:34
Principles of Financial System Design - (Technical) : Created on 20230112 at 16:30:34
Financial GUI Design - (Technical) : Created on 20230112 at 16:30:34
Grid Computing - (Technical) : Created on 20230112 at 16:30:34
VBA for Excel - (Technical) : Created on 20230112 at 16:30:34
Feedhandler Development - (Technical) : Created on 20230112 at 16:30:34
